2025-11-03 23:19:24.317 [info] [main] Log level: Info
2025-11-03 23:19:24.317 [info] [main] Validating found git in: "git"
2025-11-03 23:19:24.317 [info] [main] Using git "2.51.1" from "git"
2025-11-03 23:19:24.317 [info] [Model][doInitialScan] Initial repository scan started
2025-11-03 23:19:24.317 [info] [Model][doInitialScan] Initial repository scan completed - repositories (0), closed repositories (0), parent repositories (0), unsafe repositories (0)
2025-11-03 23:19:49.807 [info] [main] Log level: Info
2025-11-03 23:19:49.807 [info] [main] Validating found git in: "git"
2025-11-03 23:19:49.807 [info] [main] Using git "2.51.1" from "git"
2025-11-03 23:19:49.807 [info] [Model][doInitialScan] Initial repository scan started
2025-11-03 23:19:49.807 [info] > git rev-parse --show-toplevel [74ms]
2025-11-03 23:19:49.922 [info] > git rev-parse --git-dir --git-common-dir --show-superproject-working-tree [105ms]
2025-11-03 23:19:49.938 [info] [Model][openRepository] Opened repository (path): /home/mehdi/repos/work/kostango/creator_back
2025-11-03 23:19:49.938 [info] [Model][openRepository] Opened repository (real path): /home/mehdi/repos/work/kostango/creator_back
2025-11-03 23:19:49.938 [info] [Model][openRepository] Opened repository (kind): repository
2025-11-03 23:19:49.963 [info] > git config --get commit.template [6ms]
2025-11-03 23:19:49.980 [info] > git for-each-ref --format=%(refname)%00%(upstream:short)%00%(objectname)%00%(upstream:track)%00%(upstream:remotename)%00%(upstream:remoteref) refs/heads/dev refs/remotes/dev [5ms]
2025-11-03 23:19:50.015 [info] > git rev-parse --show-toplevel [28ms]
2025-11-03 23:19:50.048 [info] > git rev-parse --show-toplevel [23ms]
2025-11-03 23:19:50.059 [info] > git rev-parse --show-toplevel [2ms]
2025-11-03 23:19:50.059 [info] > git for-each-ref --sort -committerdate --format %(refname)%00%(objectname)%00%(*objectname) [12ms]
2025-11-03 23:19:50.068 [info] > git rev-parse --show-toplevel [2ms]
2025-11-03 23:19:50.076 [info] > git rev-parse --show-toplevel [2ms]
2025-11-03 23:19:50.083 [info] > git rev-parse --show-toplevel [2ms]
2025-11-03 23:19:50.092 [info] > git rev-parse --show-toplevel [2ms]
2025-11-03 23:19:50.101 [info] > git rev-parse --show-toplevel [4ms]
2025-11-03 23:19:50.110 [info] > git status -z -uall [69ms]
2025-11-03 23:19:50.162 [info] > git for-each-ref --format=%(refname)%00%(upstream:short)%00%(objectname)%00%(upstream:track)%00%(upstream:remotename)%00%(upstream:remoteref) refs/heads/dev refs/remotes/dev [16ms]
2025-11-03 23:19:50.171 [info] > git rev-parse --show-toplevel [63ms]
2025-11-03 23:19:50.182 [info] > git config --get --local branch.dev.vscode-merge-base [12ms]
2025-11-03 23:19:50.190 [info] > git config --get commit.template [34ms]
2025-11-03 23:19:50.192 [info] > git rev-parse --show-toplevel [11ms]
2025-11-03 23:19:50.206 [info] > git for-each-ref --format=%(refname)%00%(upstream:short)%00%(objectname)%00%(upstream:track)%00%(upstream:remotename)%00%(upstream:remoteref) refs/heads/origin/dev refs/remotes/origin/dev [17ms]
2025-11-03 23:19:50.327 [info] > git merge-base refs/heads/dev refs/remotes/origin/dev [113ms]
2025-11-03 23:19:50.335 [info] > git rev-parse --show-toplevel [129ms]
2025-11-03 23:19:50.335 [info] > git for-each-ref --format=%(refname)%00%(upstream:short)%00%(objectname)%00%(upstream:track)%00%(upstream:remotename)%00%(upstream:remoteref) refs/heads/dev refs/remotes/dev [136ms]
2025-11-03 23:19:50.349 [info] > git diff --name-status -z --diff-filter=ADMR b794d087511c40c43c5d2e28244536bfd87a6e87...refs/remotes/origin/dev [14ms]
2025-11-03 23:19:50.350 [info] > git rev-parse --show-toplevel [2ms]
2025-11-03 23:19:50.377 [info] > git for-each-ref --sort -committerdate --format %(refname)%00%(objectname)%00%(*objectname) [12ms]
2025-11-03 23:19:50.378 [info] > git rev-parse --show-toplevel [2ms]
2025-11-03 23:19:50.380 [info] [Model][doInitialScan] Initial repository scan completed - repositories (1), closed repositories (0), parent repositories (0), unsafe repositories (0)
2025-11-03 23:19:51.466 [info] > git status -z -uall [1109ms]
2025-11-03 23:19:51.637 [info] > git check-ignore -v -z --stdin [144ms]
2025-11-03 23:19:54.170 [info] > git log --format=%H%n%aN%n%aE%n%at%n%ct%n%P%n%D%n%B -z --shortstat --diff-merges=first-parent -n50 --skip=0 --topo-order --decorate=full --stdin [94ms]
2025-11-03 23:20:00.061 [info] > git check-ignore -v -z --stdin [2ms]
2025-11-03 23:20:01.215 [info] > git show --textconv HEAD:vscode-settings.json [11ms]
2025-11-03 23:20:01.217 [info] > git ls-tree -l HEAD -- vscode-settings.json [3ms]
