2025-11-03 23:10:08.875 [info] Getting Manifest... ms-python.python
2025-11-03 23:10:09.137 [info] Installing extension: ms-python.python {"isMachineScoped":false,"installPreReleaseVersion":false,"pinned":false,"profileLocation":{"$mid":1,"external":"vscode-userdata:/home/mehdi/.vscode/extensions/extensions.json","path":"/home/mehdi/.vscode/extensions/extensions.json","scheme":"vscode-userdata"},"isApplicationScoped":false,"productVersion":{"version":"1.105.1","date":"2025-10-14T22:33:36.618Z"}}
2025-11-03 23:10:09.376 [info] Getting Manifest... ms-python.vscode-pylance
2025-11-03 23:10:09.440 [info] Getting Manifest... ms-python.vscode-python-envs
2025-11-03 23:10:09.503 [info] Getting Manifest... ms-python.debugpy
2025-11-03 23:10:09.566 [info] Installing extension: ms-python.vscode-pylance {"isMachineScoped":false,"installPreReleaseVersion":false,"pinned":false,"profileLocation":{"$mid":1,"external":"vscode-userdata:/home/mehdi/.vscode/extensions/extensions.json","path":"/home/mehdi/.vscode/extensions/extensions.json","scheme":"vscode-userdata"},"isApplicationScoped":false,"productVersion":{"version":"1.105.1","date":"2025-10-14T22:33:36.618Z"},"installGivenVersion":false,"context":{"dependecyOrPackExtensionInstall":true}}
2025-11-03 23:10:09.566 [info] Installing extension: ms-python.vscode-python-envs {"isMachineScoped":false,"installPreReleaseVersion":false,"pinned":false,"profileLocation":{"$mid":1,"external":"vscode-userdata:/home/mehdi/.vscode/extensions/extensions.json","path":"/home/mehdi/.vscode/extensions/extensions.json","scheme":"vscode-userdata"},"isApplicationScoped":false,"productVersion":{"version":"1.105.1","date":"2025-10-14T22:33:36.618Z"},"installGivenVersion":false,"context":{"dependecyOrPackExtensionInstall":true}}
2025-11-03 23:10:09.566 [info] Installing extension: ms-python.debugpy {"isMachineScoped":false,"installPreReleaseVersion":false,"pinned":false,"profileLocation":{"$mid":1,"external":"vscode-userdata:/home/mehdi/.vscode/extensions/extensions.json","path":"/home/mehdi/.vscode/extensions/extensions.json","scheme":"vscode-userdata"},"isApplicationScoped":false,"productVersion":{"version":"1.105.1","date":"2025-10-14T22:33:36.618Z"},"installGivenVersion":false,"context":{"dependecyOrPackExtensionInstall":true}}
2025-11-03 23:10:10.609 [info] Extension signature verification result for ms-python.vscode-python-envs: Success. Internal Code: 0. Executed: true. Duration: 953ms.
2025-11-03 23:10:10.638 [info] Extension signature verification result for ms-python.debugpy: Success. Internal Code: 0. Executed: true. Duration: 915ms.
2025-11-03 23:10:10.660 [info] Extension signature verification result for ms-python.python: Success. Internal Code: 0. Executed: true. Duration: 823ms.
2025-11-03 23:10:10.787 [info] Extension signature verification result for ms-python.vscode-pylance: Success. Internal Code: 0. Executed: true. Duration: 648ms.
2025-11-03 23:10:10.839 [info] Extracted extension to file:///home/mehdi/.vscode/extensions/ms-python.vscode-python-envs-1.10.0-linux-x64: ms-python.vscode-python-envs
2025-11-03 23:10:10.846 [info] Renamed to /home/mehdi/.vscode/extensions/ms-python.vscode-python-envs-1.10.0-linux-x64
2025-11-03 23:10:11.114 [info] Extracted extension to file:///home/mehdi/.vscode/extensions/ms-python.debugpy-2025.14.1-linux-x64: ms-python.debugpy
2025-11-03 23:10:11.126 [info] Renamed to /home/mehdi/.vscode/extensions/ms-python.debugpy-2025.14.1-linux-x64
2025-11-03 23:10:11.846 [info] Extracted extension to file:///home/mehdi/.vscode/extensions/ms-python.python-2025.16.0-linux-x64: ms-python.python
2025-11-03 23:10:11.903 [info] Renamed to /home/mehdi/.vscode/extensions/ms-python.python-2025.16.0-linux-x64
2025-11-03 23:10:13.917 [info] Extracted extension to file:///home/mehdi/.vscode/extensions/ms-python.vscode-pylance-2025.9.1: ms-python.vscode-pylance
2025-11-03 23:10:14.072 [info] Renamed to /home/mehdi/.vscode/extensions/ms-python.vscode-pylance-2025.9.1
2025-11-03 23:10:14.086 [info] Extension installed successfully: ms-python.vscode-python-envs vscode-userdata:/home/mehdi/.vscode/extensions/extensions.json
2025-11-03 23:10:14.086 [info] Extension installed successfully: ms-python.debugpy vscode-userdata:/home/mehdi/.vscode/extensions/extensions.json
2025-11-03 23:10:14.086 [info] Extension installed successfully: ms-python.python vscode-userdata:/home/mehdi/.vscode/extensions/extensions.json
2025-11-03 23:10:14.086 [info] Extension installed successfully: ms-python.vscode-pylance vscode-userdata:/home/mehdi/.vscode/extensions/extensions.json
