2025-11-01 21:50:05.191 [info] Extension host with pid 13999 started
2025-11-01 21:50:05.207 [info] ExtensionService#_doActivateExtension vscode.github-authentication, startup: false, activationEvent: 'onAuthenticationRequest:github'
2025-11-01 21:50:05.244 [info] ExtensionService#_doActivateExtension vscode.emmet, startup: false, activationEvent: 'onLanguage'
2025-11-01 21:50:05.338 [info] ExtensionService#_doActivateExtension vscode.git-base, startup: true, activationEvent: '*', root cause: vscode.git
2025-11-01 21:50:05.344 [info] ExtensionService#_doActivateExtension vscode.git, startup: true, activationEvent: '*'
2025-11-01 21:50:05.440 [info] ExtensionService#_doActivateExtension vscode.github, startup: true, activationEvent: '*'
2025-11-01 21:50:05.615 [info] Eager extensions activated
2025-11-01 21:50:05.621 [info] ExtensionService#_doActivateExtension vscode.debug-auto-launch, startup: false, activationEvent: 'onStartupFinished'
2025-11-01 21:50:05.624 [info] ExtensionService#_doActivateExtension vscode.merge-conflict, startup: false, activationEvent: 'onStartupFinished'
2025-11-01 21:50:35.736 [info] Extension host terminating: renderer closed the MessagePort
2025-11-01 21:50:35.751 [info] Extension host with pid 13999 exiting with code 0
2025-11-01 21:50:37.362 [info] Extension host with pid 14542 started
2025-11-01 21:50:37.362 [info] Skipping acquiring lock for /home/mehdiyc/.config/Code/User/workspaceStorage/3429dd5f99196ad279b7fd050d813928.
2025-11-01 21:50:37.383 [info] ExtensionService#_doActivateExtension vscode.github-authentication, startup: false, activationEvent: 'onAuthenticationRequest:github'
2025-11-01 21:50:37.422 [info] ExtensionService#_doActivateExtension vscode.emmet, startup: false, activationEvent: 'onLanguage'
2025-11-01 21:50:37.542 [info] ExtensionService#_doActivateExtension vscode.git-base, startup: true, activationEvent: '*'
2025-11-01 21:50:37.559 [info] ExtensionService#_doActivateExtension vscode.github, startup: true, activationEvent: '*'
2025-11-01 21:50:37.663 [info] Eager extensions activated
2025-11-01 21:50:37.674 [info] ExtensionService#_doActivateExtension vscode.debug-auto-launch, startup: false, activationEvent: 'onStartupFinished'
2025-11-01 21:50:37.677 [info] ExtensionService#_doActivateExtension vscode.merge-conflict, startup: false, activationEvent: 'onStartupFinished'
2025-11-01 21:50:40.389 [info] ExtensionService#_doActivateExtension vscode.git, startup: false, activationEvent: 'api', root cause: vscode.github
2025-11-01 21:51:23.245 [info] ExtensionService#_doActivateExtension ms-python.python, startup: false, activationEvent: 'workspaceContains:pyproject.toml'
2025-11-01 21:51:23.609 [info] ExtensionService#_doActivateExtension ms-python.vscode-pylance, startup: false, activationEvent: 'workspaceContains:pyproject.toml'
2025-11-01 21:51:25.577 [info] ExtensionService#_doActivateExtension ms-python.vscode-python-envs, startup: false, activationEvent: 'api', root cause: ms-python.vscode-pylance
2025-11-01 21:51:26.219 [info] ExtensionService#_doActivateExtension vscode.terminal-suggest, startup: false, activationEvent: 'onTerminalShellIntegration:*'
2025-11-01 21:51:28.914 [warning] DiagnosticCollection with name 'Pylance' does already exist.
2025-11-01 21:51:29.035 [warning] DiagnosticCollection with name 'Pylance' does already exist.
2025-11-01 21:51:29.056 [warning] DiagnosticCollection with name 'Pylance' does already exist.
2025-11-01 21:51:29.444 [info] ExtensionService#_doActivateExtension vscode.json-language-features, startup: false, activationEvent: 'onCommand:json.validate'
2025-11-01 21:52:06.038 [info] ExtensionService#_doActivateExtension tamasfe.even-better-toml, startup: false, activationEvent: 'onLanguage:toml'
2025-11-01 21:52:42.036 [info] ExtensionService#_doActivateExtension ms-python.debugpy, startup: false, activationEvent: 'onLanguage:python'
2025-11-01 21:55:20.784 [info] ExtensionService#_doActivateExtension vscode.simple-browser, startup: false, activationEvent: 'onOpenExternalUri:https'
2025-11-01 21:56:31.247 [error] TypeError: terminated
	at Fetch.onAborted (/usr/share/code/resources/app/node_modules/undici/lib/web/fetch/index.js:2042:49)
	at Fetch.emit (node:events:519:28)
	at Fetch.terminate (/usr/share/code/resources/app/node_modules/undici/lib/web/fetch/index.js:92:10)
	at Object.onError (/usr/share/code/resources/app/node_modules/undici/lib/web/fetch/index.js:2223:34)
	at Request.onError (node:internal/deps/undici/undici:2094:31)
	at Object.errorRequest (node:internal/deps/undici/undici:1591:17)
	at Socket.<anonymous> (node:internal/deps/undici/undici:6319:16)
	at Socket.emit (node:events:531:35)
	at TCP.<anonymous> (node:net:346:12)
2025-11-01 22:01:33.101 [error] TypeError: terminated
	at Fetch.onAborted (/usr/share/code/resources/app/node_modules/undici/lib/web/fetch/index.js:2042:49)
	at Fetch.emit (node:events:519:28)
	at Fetch.terminate (/usr/share/code/resources/app/node_modules/undici/lib/web/fetch/index.js:92:10)
	at Object.onError (/usr/share/code/resources/app/node_modules/undici/lib/web/fetch/index.js:2223:34)
	at Request.onError (node:internal/deps/undici/undici:2094:31)
	at Object.errorRequest (node:internal/deps/undici/undici:1591:17)
	at Socket.<anonymous> (node:internal/deps/undici/undici:6319:16)
	at Socket.emit (node:events:531:35)
	at TCP.<anonymous> (node:net:346:12)
2025-11-01 22:06:34.984 [error] TypeError: terminated
	at Fetch.onAborted (/usr/share/code/resources/app/node_modules/undici/lib/web/fetch/index.js:2042:49)
	at Fetch.emit (node:events:519:28)
	at Fetch.terminate (/usr/share/code/resources/app/node_modules/undici/lib/web/fetch/index.js:92:10)
	at Object.onError (/usr/share/code/resources/app/node_modules/undici/lib/web/fetch/index.js:2223:34)
	at Request.onError (node:internal/deps/undici/undici:2094:31)
	at Object.errorRequest (node:internal/deps/undici/undici:1591:17)
	at Socket.<anonymous> (node:internal/deps/undici/undici:6319:16)
	at Socket.emit (node:events:531:35)
	at TCP.<anonymous> (node:net:346:12)
2025-11-01 22:11:36.860 [error] TypeError: terminated
	at Fetch.onAborted (/usr/share/code/resources/app/node_modules/undici/lib/web/fetch/index.js:2042:49)
	at Fetch.emit (node:events:519:28)
	at Fetch.terminate (/usr/share/code/resources/app/node_modules/undici/lib/web/fetch/index.js:92:10)
	at Object.onError (/usr/share/code/resources/app/node_modules/undici/lib/web/fetch/index.js:2223:34)
	at Request.onError (node:internal/deps/undici/undici:2094:31)
	at Object.errorRequest (node:internal/deps/undici/undici:1591:17)
	at Socket.<anonymous> (node:internal/deps/undici/undici:6319:16)
	at Socket.emit (node:events:531:35)
	at TCP.<anonymous> (node:net:346:12)
2025-11-01 22:16:38.766 [error] TypeError: terminated
	at Fetch.onAborted (/usr/share/code/resources/app/node_modules/undici/lib/web/fetch/index.js:2042:49)
	at Fetch.emit (node:events:519:28)
	at Fetch.terminate (/usr/share/code/resources/app/node_modules/undici/lib/web/fetch/index.js:92:10)
	at Object.onError (/usr/share/code/resources/app/node_modules/undici/lib/web/fetch/index.js:2223:34)
	at Request.onError (node:internal/deps/undici/undici:2094:31)
	at Object.errorRequest (node:internal/deps/undici/undici:1591:17)
	at Socket.<anonymous> (node:internal/deps/undici/undici:6319:16)
	at Socket.emit (node:events:531:35)
	at TCP.<anonymous> (node:net:346:12)
2025-11-01 22:20:50.311 [info] ExtensionService#_doActivateExtension KevinRose.vsc-python-indent, startup: false, activationEvent: 'onLanguage:python'
2025-11-01 22:21:40.617 [error] TypeError: terminated
	at Fetch.onAborted (/usr/share/code/resources/app/node_modules/undici/lib/web/fetch/index.js:2042:49)
	at Fetch.emit (node:events:519:28)
	at Fetch.terminate (/usr/share/code/resources/app/node_modules/undici/lib/web/fetch/index.js:92:10)
	at Object.onError (/usr/share/code/resources/app/node_modules/undici/lib/web/fetch/index.js:2223:34)
	at Request.onError (node:internal/deps/undici/undici:2094:31)
	at Object.errorRequest (node:internal/deps/undici/undici:1591:17)
	at Socket.<anonymous> (node:internal/deps/undici/undici:6319:16)
	at Socket.emit (node:events:531:35)
	at TCP.<anonymous> (node:net:346:12)
2025-11-01 22:26:42.472 [error] TypeError: terminated
	at Fetch.onAborted (/usr/share/code/resources/app/node_modules/undici/lib/web/fetch/index.js:2042:49)
	at Fetch.emit (node:events:519:28)
	at Fetch.terminate (/usr/share/code/resources/app/node_modules/undici/lib/web/fetch/index.js:92:10)
	at Object.onError (/usr/share/code/resources/app/node_modules/undici/lib/web/fetch/index.js:2223:34)
	at Request.onError (node:internal/deps/undici/undici:2094:31)
	at Object.errorRequest (node:internal/deps/undici/undici:1591:17)
	at Socket.<anonymous> (node:internal/deps/undici/undici:6319:16)
	at Socket.emit (node:events:531:35)
	at TCP.<anonymous> (node:net:346:12)
2025-11-01 22:31:44.341 [error] TypeError: terminated
	at Fetch.onAborted (/usr/share/code/resources/app/node_modules/undici/lib/web/fetch/index.js:2042:49)
	at Fetch.emit (node:events:519:28)
	at Fetch.terminate (/usr/share/code/resources/app/node_modules/undici/lib/web/fetch/index.js:92:10)
	at Object.onError (/usr/share/code/resources/app/node_modules/undici/lib/web/fetch/index.js:2223:34)
	at Request.onError (node:internal/deps/undici/undici:2094:31)
	at Object.errorRequest (node:internal/deps/undici/undici:1591:17)
	at Socket.<anonymous> (node:internal/deps/undici/undici:6319:16)
	at Socket.emit (node:events:531:35)
	at TCP.<anonymous> (node:net:346:12)
2025-11-01 22:36:46.190 [error] TypeError: terminated
	at Fetch.onAborted (/usr/share/code/resources/app/node_modules/undici/lib/web/fetch/index.js:2042:49)
	at Fetch.emit (node:events:519:28)
	at Fetch.terminate (/usr/share/code/resources/app/node_modules/undici/lib/web/fetch/index.js:92:10)
	at Object.onError (/usr/share/code/resources/app/node_modules/undici/lib/web/fetch/index.js:2223:34)
	at Request.onError (node:internal/deps/undici/undici:2094:31)
	at Object.errorRequest (node:internal/deps/undici/undici:1591:17)
	at Socket.<anonymous> (node:internal/deps/undici/undici:6319:16)
	at Socket.emit (node:events:531:35)
	at TCP.<anonymous> (node:net:346:12)
2025-11-01 22:41:48.050 [error] TypeError: terminated
	at Fetch.onAborted (/usr/share/code/resources/app/node_modules/undici/lib/web/fetch/index.js:2042:49)
	at Fetch.emit (node:events:519:28)
	at Fetch.terminate (/usr/share/code/resources/app/node_modules/undici/lib/web/fetch/index.js:92:10)
	at Object.onError (/usr/share/code/resources/app/node_modules/undici/lib/web/fetch/index.js:2223:34)
	at Request.onError (node:internal/deps/undici/undici:2094:31)
	at Object.errorRequest (node:internal/deps/undici/undici:1591:17)
	at Socket.<anonymous> (node:internal/deps/undici/undici:6319:16)
	at Socket.emit (node:events:531:35)
	at TCP.<anonymous> (node:net:346:12)
2025-11-01 22:46:49.943 [error] TypeError: terminated
	at Fetch.onAborted (/usr/share/code/resources/app/node_modules/undici/lib/web/fetch/index.js:2042:49)
	at Fetch.emit (node:events:519:28)
	at Fetch.terminate (/usr/share/code/resources/app/node_modules/undici/lib/web/fetch/index.js:92:10)
	at Object.onError (/usr/share/code/resources/app/node_modules/undici/lib/web/fetch/index.js:2223:34)
	at Request.onError (node:internal/deps/undici/undici:2094:31)
	at Object.errorRequest (node:internal/deps/undici/undici:1591:17)
	at Socket.<anonymous> (node:internal/deps/undici/undici:6319:16)
	at Socket.emit (node:events:531:35)
	at TCP.<anonymous> (node:net:346:12)
2025-11-01 22:51:51.787 [error] TypeError: terminated
	at Fetch.onAborted (/usr/share/code/resources/app/node_modules/undici/lib/web/fetch/index.js:2042:49)
	at Fetch.emit (node:events:519:28)
	at Fetch.terminate (/usr/share/code/resources/app/node_modules/undici/lib/web/fetch/index.js:92:10)
	at Object.onError (/usr/share/code/resources/app/node_modules/undici/lib/web/fetch/index.js:2223:34)
	at Request.onError (node:internal/deps/undici/undici:2094:31)
	at Object.errorRequest (node:internal/deps/undici/undici:1591:17)
	at Socket.<anonymous> (node:internal/deps/undici/undici:6319:16)
	at Socket.emit (node:events:531:35)
	at TCP.<anonymous> (node:net:346:12)
2025-11-01 22:56:53.602 [error] TypeError: terminated
	at Fetch.onAborted (/usr/share/code/resources/app/node_modules/undici/lib/web/fetch/index.js:2042:49)
	at Fetch.emit (node:events:519:28)
	at Fetch.terminate (/usr/share/code/resources/app/node_modules/undici/lib/web/fetch/index.js:92:10)
	at Object.onError (/usr/share/code/resources/app/node_modules/undici/lib/web/fetch/index.js:2223:34)
	at Request.onError (node:internal/deps/undici/undici:2094:31)
	at Object.errorRequest (node:internal/deps/undici/undici:1591:17)
	at Socket.<anonymous> (node:internal/deps/undici/undici:6319:16)
	at Socket.emit (node:events:531:35)
	at TCP.<anonymous> (node:net:346:12)
2025-11-01 23:01:55.547 [error] TypeError: terminated
	at Fetch.onAborted (/usr/share/code/resources/app/node_modules/undici/lib/web/fetch/index.js:2042:49)
	at Fetch.emit (node:events:519:28)
	at Fetch.terminate (/usr/share/code/resources/app/node_modules/undici/lib/web/fetch/index.js:92:10)
	at Object.onError (/usr/share/code/resources/app/node_modules/undici/lib/web/fetch/index.js:2223:34)
	at Request.onError (node:internal/deps/undici/undici:2094:31)
	at Object.errorRequest (node:internal/deps/undici/undici:1591:17)
	at Socket.<anonymous> (node:internal/deps/undici/undici:6319:16)
	at Socket.emit (node:events:531:35)
	at TCP.<anonymous> (node:net:346:12)
2025-11-01 23:06:57.412 [error] TypeError: terminated
	at Fetch.onAborted (/usr/share/code/resources/app/node_modules/undici/lib/web/fetch/index.js:2042:49)
	at Fetch.emit (node:events:519:28)
	at Fetch.terminate (/usr/share/code/resources/app/node_modules/undici/lib/web/fetch/index.js:92:10)
	at Object.onError (/usr/share/code/resources/app/node_modules/undici/lib/web/fetch/index.js:2223:34)
	at Request.onError (node:internal/deps/undici/undici:2094:31)
	at Object.errorRequest (node:internal/deps/undici/undici:1591:17)
	at Socket.<anonymous> (node:internal/deps/undici/undici:6319:16)
	at Socket.emit (node:events:531:35)
	at TCP.<anonymous> (node:net:346:12)
2025-11-01 23:11:59.270 [error] TypeError: terminated
	at Fetch.onAborted (/usr/share/code/resources/app/node_modules/undici/lib/web/fetch/index.js:2042:49)
	at Fetch.emit (node:events:519:28)
	at Fetch.terminate (/usr/share/code/resources/app/node_modules/undici/lib/web/fetch/index.js:92:10)
	at Object.onError (/usr/share/code/resources/app/node_modules/undici/lib/web/fetch/index.js:2223:34)
	at Request.onError (node:internal/deps/undici/undici:2094:31)
	at Object.errorRequest (node:internal/deps/undici/undici:1591:17)
	at Socket.<anonymous> (node:internal/deps/undici/undici:6319:16)
	at Socket.emit (node:events:531:35)
	at TCP.<anonymous> (node:net:346:12)
2025-11-01 23:17:01.138 [error] TypeError: terminated
	at Fetch.onAborted (/usr/share/code/resources/app/node_modules/undici/lib/web/fetch/index.js:2042:49)
	at Fetch.emit (node:events:519:28)
	at Fetch.terminate (/usr/share/code/resources/app/node_modules/undici/lib/web/fetch/index.js:92:10)
	at Object.onError (/usr/share/code/resources/app/node_modules/undici/lib/web/fetch/index.js:2223:34)
	at Request.onError (node:internal/deps/undici/undici:2094:31)
	at Object.errorRequest (node:internal/deps/undici/undici:1591:17)
	at Socket.<anonymous> (node:internal/deps/undici/undici:6319:16)
	at Socket.emit (node:events:531:35)
	at TCP.<anonymous> (node:net:346:12)
2025-11-01 23:22:03.025 [error] TypeError: terminated
	at Fetch.onAborted (/usr/share/code/resources/app/node_modules/undici/lib/web/fetch/index.js:2042:49)
	at Fetch.emit (node:events:519:28)
	at Fetch.terminate (/usr/share/code/resources/app/node_modules/undici/lib/web/fetch/index.js:92:10)
	at Object.onError (/usr/share/code/resources/app/node_modules/undici/lib/web/fetch/index.js:2223:34)
	at Request.onError (node:internal/deps/undici/undici:2094:31)
	at Object.errorRequest (node:internal/deps/undici/undici:1591:17)
	at Socket.<anonymous> (node:internal/deps/undici/undici:6319:16)
	at Socket.emit (node:events:531:35)
	at TCP.<anonymous> (node:net:346:12)
2025-11-01 23:27:04.865 [error] TypeError: terminated
	at Fetch.onAborted (/usr/share/code/resources/app/node_modules/undici/lib/web/fetch/index.js:2042:49)
	at Fetch.emit (node:events:519:28)
	at Fetch.terminate (/usr/share/code/resources/app/node_modules/undici/lib/web/fetch/index.js:92:10)
	at Object.onError (/usr/share/code/resources/app/node_modules/undici/lib/web/fetch/index.js:2223:34)
	at Request.onError (node:internal/deps/undici/undici:2094:31)
	at Object.errorRequest (node:internal/deps/undici/undici:1591:17)
	at Socket.<anonymous> (node:internal/deps/undici/undici:6319:16)
	at Socket.emit (node:events:531:35)
	at TCP.<anonymous> (node:net:346:12)
2025-11-01 23:29:11.490 [info] ExtensionService#_doActivateExtension vscode.configuration-editing, startup: false, activationEvent: 'onLanguage:json'
2025-11-01 23:29:11.502 [info] ExtensionService#_doActivateExtension vscode.extension-editing, startup: false, activationEvent: 'onLanguage:json'
2025-11-01 23:29:11.517 [info] ExtensionService#_doActivateExtension vscode.npm, startup: false, activationEvent: 'onLanguage:json'
2025-11-01 23:32:06.711 [error] TypeError: terminated
	at Fetch.onAborted (/usr/share/code/resources/app/node_modules/undici/lib/web/fetch/index.js:2042:49)
	at Fetch.emit (node:events:519:28)
	at Fetch.terminate (/usr/share/code/resources/app/node_modules/undici/lib/web/fetch/index.js:92:10)
	at Object.onError (/usr/share/code/resources/app/node_modules/undici/lib/web/fetch/index.js:2223:34)
	at Request.onError (node:internal/deps/undici/undici:2094:31)
	at Object.errorRequest (node:internal/deps/undici/undici:1591:17)
	at Socket.<anonymous> (node:internal/deps/undici/undici:6319:16)
	at Socket.emit (node:events:531:35)
	at TCP.<anonymous> (node:net:346:12)
2025-11-01 23:37:08.542 [error] TypeError: terminated
	at Fetch.onAborted (/usr/share/code/resources/app/node_modules/undici/lib/web/fetch/index.js:2042:49)
	at Fetch.emit (node:events:519:28)
	at Fetch.terminate (/usr/share/code/resources/app/node_modules/undici/lib/web/fetch/index.js:92:10)
	at Object.onError (/usr/share/code/resources/app/node_modules/undici/lib/web/fetch/index.js:2223:34)
	at Request.onError (node:internal/deps/undici/undici:2094:31)
	at Object.errorRequest (node:internal/deps/undici/undici:1591:17)
	at Socket.<anonymous> (node:internal/deps/undici/undici:6319:16)
	at Socket.emit (node:events:531:35)
	at TCP.<anonymous> (node:net:346:12)
2025-11-01 23:42:10.397 [error] TypeError: terminated
	at Fetch.onAborted (/usr/share/code/resources/app/node_modules/undici/lib/web/fetch/index.js:2042:49)
	at Fetch.emit (node:events:519:28)
	at Fetch.terminate (/usr/share/code/resources/app/node_modules/undici/lib/web/fetch/index.js:92:10)
	at Object.onError (/usr/share/code/resources/app/node_modules/undici/lib/web/fetch/index.js:2223:34)
	at Request.onError (node:internal/deps/undici/undici:2094:31)
	at Object.errorRequest (node:internal/deps/undici/undici:1591:17)
	at Socket.<anonymous> (node:internal/deps/undici/undici:6319:16)
	at Socket.emit (node:events:531:35)
	at TCP.<anonymous> (node:net:346:12)
2025-11-01 23:47:12.305 [error] TypeError: terminated
	at Fetch.onAborted (/usr/share/code/resources/app/node_modules/undici/lib/web/fetch/index.js:2042:49)
	at Fetch.emit (node:events:519:28)
	at Fetch.terminate (/usr/share/code/resources/app/node_modules/undici/lib/web/fetch/index.js:92:10)
	at Object.onError (/usr/share/code/resources/app/node_modules/undici/lib/web/fetch/index.js:2223:34)
	at Request.onError (node:internal/deps/undici/undici:2094:31)
	at Object.errorRequest (node:internal/deps/undici/undici:1591:17)
	at Socket.<anonymous> (node:internal/deps/undici/undici:6319:16)
	at Socket.emit (node:events:531:35)
	at TCP.<anonymous> (node:net:346:12)
2025-11-01 23:52:14.214 [error] TypeError: terminated
	at Fetch.onAborted (/usr/share/code/resources/app/node_modules/undici/lib/web/fetch/index.js:2042:49)
	at Fetch.emit (node:events:519:28)
	at Fetch.terminate (/usr/share/code/resources/app/node_modules/undici/lib/web/fetch/index.js:92:10)
	at Object.onError (/usr/share/code/resources/app/node_modules/undici/lib/web/fetch/index.js:2223:34)
	at Request.onError (node:internal/deps/undici/undici:2094:31)
	at Object.errorRequest (node:internal/deps/undici/undici:1591:17)
	at Socket.<anonymous> (node:internal/deps/undici/undici:6319:16)
	at Socket.emit (node:events:531:35)
	at TCP.<anonymous> (node:net:346:12)
2025-11-01 23:57:16.077 [error] TypeError: terminated
	at Fetch.onAborted (/usr/share/code/resources/app/node_modules/undici/lib/web/fetch/index.js:2042:49)
	at Fetch.emit (node:events:519:28)
	at Fetch.terminate (/usr/share/code/resources/app/node_modules/undici/lib/web/fetch/index.js:92:10)
	at Object.onError (/usr/share/code/resources/app/node_modules/undici/lib/web/fetch/index.js:2223:34)
	at Request.onError (node:internal/deps/undici/undici:2094:31)
	at Object.errorRequest (node:internal/deps/undici/undici:1591:17)
	at Socket.<anonymous> (node:internal/deps/undici/undici:6319:16)
	at Socket.emit (node:events:531:35)
	at TCP.<anonymous> (node:net:346:12)
2025-11-02 00:02:17.984 [error] TypeError: terminated
	at Fetch.onAborted (/usr/share/code/resources/app/node_modules/undici/lib/web/fetch/index.js:2042:49)
	at Fetch.emit (node:events:519:28)
	at Fetch.terminate (/usr/share/code/resources/app/node_modules/undici/lib/web/fetch/index.js:92:10)
	at Object.onError (/usr/share/code/resources/app/node_modules/undici/lib/web/fetch/index.js:2223:34)
	at Request.onError (node:internal/deps/undici/undici:2094:31)
	at Object.errorRequest (node:internal/deps/undici/undici:1591:17)
	at Socket.<anonymous> (node:internal/deps/undici/undici:6319:16)
	at Socket.emit (node:events:531:35)
	at TCP.<anonymous> (node:net:346:12)
2025-11-02 00:06:29.787 [info] Extension host terminating: renderer closed the MessagePort
2025-11-02 00:06:29.852 [error] TypeError: Cannot read properties of undefined (reading 'subscriptions')
	at Object.X [as deactivate] (/home/mehdiyc/.vscode/extensions/ms-python.vscode-python-envs-1.10.0-linux-x64/dist/extension.js:2:668401)
	at SZ.eb (file:///usr/share/code/resources/app/out/vs/workbench/api/node/extensionHostProcess.js:118:11797)
	at file:///usr/share/code/resources/app/out/vs/workbench/api/node/extensionHostProcess.js:118:9947
	at Array.map (<anonymous>)
	at SZ.$ (file:///usr/share/code/resources/app/out/vs/workbench/api/node/extensionHostProcess.js:118:9935)
	at SZ.terminate (file:///usr/share/code/resources/app/out/vs/workbench/api/node/extensionHostProcess.js:118:10178)
	at H3.terminate (file:///usr/share/code/resources/app/out/vs/workbench/api/node/extensionHostProcess.js:120:914)
	at Ss (file:///usr/share/code/resources/app/out/vs/workbench/api/node/extensionHostProcess.js:393:10409)
	at MessagePortMain.<anonymous> (file:///usr/share/code/resources/app/out/vs/workbench/api/node/extensionHostProcess.js:393:6948)
	at MessagePortMain.emit (node:events:519:28)
	at MessagePortMain._internalPort.emit (node:electron/js2c/utility_init:2:2949)
2025-11-02 00:06:29.856 [info] Extension host with pid 14542 exiting with code 0
