2025-11-01 21:50:05.575 [info] [main] Log level: Info
2025-11-01 21:50:05.575 [info] [main] Validating found git in: "git"
2025-11-01 21:50:05.575 [info] [main] Using git "2.51.1" from "git"
2025-11-01 21:50:05.575 [info] [Model][doInitialScan] Initial repository scan started
2025-11-01 21:50:05.575 [info] [Model][doInitialScan] Initial repository scan completed - repositories (0), closed repositories (0), parent repositories (0), unsafe repositories (0)
2025-11-01 21:50:40.541 [info] [main] Log level: Info
2025-11-01 21:50:40.541 [info] [main] Validating found git in: "git"
2025-11-01 21:50:40.541 [info] [main] Using git "2.51.1" from "git"
2025-11-01 21:50:40.541 [info] [Model][doInitialScan] Initial repository scan started
2025-11-01 21:50:40.541 [info] > git rev-parse --show-toplevel [7ms]
2025-11-01 21:50:40.551 [info] > git rev-parse --git-dir --git-common-dir --show-superproject-working-tree [4ms]
2025-11-01 21:50:40.564 [info] [Model][openRepository] Opened repository (path): /home/mehdiyc/repos/work/med_scraping
2025-11-01 21:50:40.564 [info] [Model][openRepository] Opened repository (real path): /home/mehdiyc/repos/work/med_scraping
2025-11-01 21:50:40.564 [info] [Model][openRepository] Opened repository (kind): repository
2025-11-01 21:50:40.580 [info] > git rev-parse --show-toplevel [3ms]
2025-11-01 21:50:40.584 [info] [Model][doInitialScan] Initial repository scan completed - repositories (1), closed repositories (0), parent repositories (0), unsafe repositories (0)
2025-11-01 21:50:40.585 [info] > git config --get commit.template [12ms]
2025-11-01 21:50:40.592 [info] [Git][getRemotes] No remotes found in the git config file
2025-11-01 21:50:40.593 [info] > git for-each-ref --format=%(refname)%00%(upstream:short)%00%(objectname)%00%(upstream:track)%00%(upstream:remotename)%00%(upstream:remoteref) refs/heads/master refs/remotes/master [1ms]
2025-11-01 21:50:40.594 [warning] [Git][getBranch] No such branch: master
2025-11-01 21:50:40.606 [info] > git status -z -uall [7ms]
2025-11-01 21:50:40.608 [info] > git for-each-ref --sort -committerdate --format %(refname)%00%(objectname)%00%(*objectname) [2ms]
2025-11-01 21:50:40.628 [info] > git for-each-ref --format=%(refname)%00%(upstream:short)%00%(objectname)%00%(upstream:track)%00%(upstream:remotename)%00%(upstream:remoteref) refs/heads/master refs/remotes/master [9ms]
2025-11-01 21:50:40.628 [warning] [Git][getBranch] No such branch: master
2025-11-01 21:50:40.628 [error] [GitHistoryProvider][resolveHEADMergeBase] Failed to resolve merge base for master: Error: No such branch: master.
2025-11-01 21:50:40.631 [info] > git config --get commit.template [4ms]
2025-11-01 21:50:40.639 [info] [Git][getRemotes] No remotes found in the git config file
2025-11-01 21:50:40.641 [info] > git for-each-ref --format=%(refname)%00%(upstream:short)%00%(objectname)%00%(upstream:track)%00%(upstream:remotename)%00%(upstream:remoteref) refs/heads/master refs/remotes/master [2ms]
2025-11-01 21:50:40.641 [warning] [Git][getBranch] No such branch: master
2025-11-01 21:50:40.651 [info] > git status -z -uall [5ms]
2025-11-01 21:50:40.652 [info] > git for-each-ref --sort -committerdate --format %(refname)%00%(objectname)%00%(*objectname) [1ms]
2025-11-01 21:50:41.101 [info] > git check-ignore -v -z --stdin [6ms]
2025-11-01 21:50:44.059 [info] > git check-ignore -v -z --stdin [3ms]
2025-11-01 21:53:32.621 [info] [Git][getRemotes] No remotes found in the git config file
2025-11-01 21:53:32.622 [info] > git config --get commit.template [10ms]
2025-11-01 21:53:32.622 [info] > git for-each-ref --format=%(refname)%00%(upstream:short)%00%(objectname)%00%(upstream:track)%00%(upstream:remotename)%00%(upstream:remoteref) refs/heads/master refs/remotes/master [2ms]
2025-11-01 21:53:32.622 [warning] [Git][getBranch] No such branch: master
2025-11-01 21:53:32.640 [info] > git status -z -uall [10ms]
2025-11-01 21:53:32.641 [info] > git for-each-ref --sort -committerdate --format %(refname)%00%(objectname)%00%(*objectname) [2ms]
2025-11-01 21:54:34.806 [info] [Git][getRemotes] No remotes found in the git config file
2025-11-01 21:54:34.807 [info] > git config --get commit.template [11ms]
2025-11-01 21:54:34.807 [info] > git for-each-ref --format=%(refname)%00%(upstream:short)%00%(objectname)%00%(upstream:track)%00%(upstream:remotename)%00%(upstream:remoteref) refs/heads/master refs/remotes/master [2ms]
2025-11-01 21:54:34.807 [warning] [Git][getBranch] No such branch: master
2025-11-01 21:54:34.821 [info] > git status -z -uall [6ms]
2025-11-01 21:54:34.822 [info] > git for-each-ref --sort -committerdate --format %(refname)%00%(objectname)%00%(*objectname) [1ms]
2025-11-01 21:59:33.718 [info] > git rev-parse --show-toplevel [3ms]
2025-11-01 21:59:33.719 [info] fatal: not a git repository (or any of the parent directories): .git
2025-11-01 22:00:53.780 [info] [Git][getRemotes] No remotes found in the git config file
2025-11-01 22:00:53.781 [info] > git config --get commit.template [10ms]
2025-11-01 22:00:53.781 [info] > git for-each-ref --format=%(refname)%00%(upstream:short)%00%(objectname)%00%(upstream:track)%00%(upstream:remotename)%00%(upstream:remoteref) refs/heads/master refs/remotes/master [2ms]
2025-11-01 22:00:53.781 [warning] [Git][getBranch] No such branch: master
2025-11-01 22:00:53.795 [info] > git status -z -uall [8ms]
2025-11-01 22:00:53.795 [info] > git for-each-ref --sort -committerdate --format %(refname)%00%(objectname)%00%(*objectname) [2ms]
2025-11-01 22:00:58.814 [info] > git config --get commit.template [3ms]
2025-11-01 22:00:58.825 [info] [Git][getRemotes] No remotes found in the git config file
2025-11-01 22:00:58.828 [info] > git for-each-ref --format=%(refname)%00%(upstream:short)%00%(objectname)%00%(upstream:track)%00%(upstream:remotename)%00%(upstream:remoteref) refs/heads/master refs/remotes/master [3ms]
2025-11-01 22:00:58.828 [warning] [Git][getBranch] No such branch: master
2025-11-01 22:00:58.843 [info] > git status -z -uall [8ms]
2025-11-01 22:00:58.844 [info] > git for-each-ref --sort -committerdate --format %(refname)%00%(objectname)%00%(*objectname) [2ms]
2025-11-01 22:02:37.619 [info] [Git][getRemotes] No remotes found in the git config file
2025-11-01 22:02:37.621 [info] > git config --get commit.template [9ms]
2025-11-01 22:02:37.621 [info] > git for-each-ref --format=%(refname)%00%(upstream:short)%00%(objectname)%00%(upstream:track)%00%(upstream:remotename)%00%(upstream:remoteref) refs/heads/master refs/remotes/master [2ms]
2025-11-01 22:02:37.621 [warning] [Git][getBranch] No such branch: master
2025-11-01 22:02:37.633 [info] > git status -z -uall [6ms]
2025-11-01 22:02:37.634 [info] > git for-each-ref --sort -committerdate --format %(refname)%00%(objectname)%00%(*objectname) [1ms]
2025-11-01 22:05:39.127 [info] [Git][getRemotes] No remotes found in the git config file
2025-11-01 22:05:39.128 [info] > git config --get commit.template [9ms]
2025-11-01 22:05:39.128 [info] > git for-each-ref --format=%(refname)%00%(upstream:short)%00%(objectname)%00%(upstream:track)%00%(upstream:remotename)%00%(upstream:remoteref) refs/heads/master refs/remotes/master [2ms]
2025-11-01 22:05:39.128 [warning] [Git][getBranch] No such branch: master
2025-11-01 22:05:39.143 [info] > git status -z -uall [7ms]
2025-11-01 22:05:39.144 [info] > git for-each-ref --sort -committerdate --format %(refname)%00%(objectname)%00%(*objectname) [1ms]
2025-11-01 22:09:09.539 [info] [Git][getRemotes] No remotes found in the git config file
2025-11-01 22:09:09.539 [info] > git config --get commit.template [10ms]
2025-11-01 22:09:09.541 [info] > git for-each-ref --format=%(refname)%00%(upstream:short)%00%(objectname)%00%(upstream:track)%00%(upstream:remotename)%00%(upstream:remoteref) refs/heads/master refs/remotes/master [3ms]
2025-11-01 22:09:09.541 [warning] [Git][getBranch] No such branch: master
2025-11-01 22:09:09.561 [info] > git status -z -uall [11ms]
2025-11-01 22:09:09.562 [info] > git for-each-ref --sort -committerdate --format %(refname)%00%(objectname)%00%(*objectname) [2ms]
2025-11-01 22:11:04.165 [info] [Git][getRemotes] No remotes found in the git config file
2025-11-01 22:11:04.166 [info] > git config --get commit.template [12ms]
2025-11-01 22:11:04.167 [info] > git for-each-ref --format=%(refname)%00%(upstream:short)%00%(objectname)%00%(upstream:track)%00%(upstream:remotename)%00%(upstream:remoteref) refs/heads/master refs/remotes/master [2ms]
2025-11-01 22:11:04.167 [warning] [Git][getBranch] No such branch: master
2025-11-01 22:11:04.187 [info] > git status -z -uall [11ms]
2025-11-01 22:11:04.189 [info] > git for-each-ref --sort -committerdate --format %(refname)%00%(objectname)%00%(*objectname) [3ms]
2025-11-01 22:14:33.269 [info] [Git][getRemotes] No remotes found in the git config file
2025-11-01 22:14:33.270 [info] > git config --get commit.template [11ms]
2025-11-01 22:14:33.270 [info] > git for-each-ref --format=%(refname)%00%(upstream:short)%00%(objectname)%00%(upstream:track)%00%(upstream:remotename)%00%(upstream:remoteref) refs/heads/master refs/remotes/master [1ms]
2025-11-01 22:14:33.270 [warning] [Git][getBranch] No such branch: master
2025-11-01 22:14:33.286 [info] > git status -z -uall [9ms]
2025-11-01 22:14:33.287 [info] > git for-each-ref --sort -committerdate --format %(refname)%00%(objectname)%00%(*objectname) [2ms]
2025-11-01 22:16:06.871 [info] [Git][getRemotes] No remotes found in the git config file
2025-11-01 22:16:06.872 [info] > git config --get commit.template [10ms]
2025-11-01 22:16:06.873 [info] > git for-each-ref --format=%(refname)%00%(upstream:short)%00%(objectname)%00%(upstream:track)%00%(upstream:remotename)%00%(upstream:remoteref) refs/heads/master refs/remotes/master [2ms]
2025-11-01 22:16:06.873 [warning] [Git][getBranch] No such branch: master
2025-11-01 22:16:06.888 [info] > git status -z -uall [8ms]
2025-11-01 22:16:06.890 [info] > git for-each-ref --sort -committerdate --format %(refname)%00%(objectname)%00%(*objectname) [2ms]
2025-11-01 22:17:33.463 [info] [Git][getRemotes] No remotes found in the git config file
2025-11-01 22:17:33.464 [info] > git config --get commit.template [9ms]
2025-11-01 22:17:33.465 [info] > git for-each-ref --format=%(refname)%00%(upstream:short)%00%(objectname)%00%(upstream:track)%00%(upstream:remotename)%00%(upstream:remoteref) refs/heads/master refs/remotes/master [2ms]
2025-11-01 22:17:33.465 [warning] [Git][getBranch] No such branch: master
2025-11-01 22:17:33.478 [info] > git status -z -uall [7ms]
2025-11-01 22:17:33.480 [info] > git for-each-ref --sort -committerdate --format %(refname)%00%(objectname)%00%(*objectname) [2ms]
2025-11-01 22:18:09.574 [info] > git config --get commit.template [3ms]
2025-11-01 22:18:09.582 [info] [Git][getRemotes] No remotes found in the git config file
2025-11-01 22:18:09.583 [info] > git for-each-ref --format=%(refname)%00%(upstream:short)%00%(objectname)%00%(upstream:track)%00%(upstream:remotename)%00%(upstream:remoteref) refs/heads/master refs/remotes/master [2ms]
2025-11-01 22:18:09.584 [warning] [Git][getBranch] No such branch: master
2025-11-01 22:18:09.598 [info] > git status -z -uall [8ms]
2025-11-01 22:18:09.599 [info] > git for-each-ref --sort -committerdate --format %(refname)%00%(objectname)%00%(*objectname) [2ms]
2025-11-01 22:21:17.858 [info] [Git][getRemotes] No remotes found in the git config file
2025-11-01 22:21:17.859 [info] > git config --get commit.template [9ms]
2025-11-01 22:21:17.860 [info] > git for-each-ref --format=%(refname)%00%(upstream:short)%00%(objectname)%00%(upstream:track)%00%(upstream:remotename)%00%(upstream:remoteref) refs/heads/master refs/remotes/master [1ms]
2025-11-01 22:21:17.860 [warning] [Git][getBranch] No such branch: master
2025-11-01 22:21:17.875 [info] > git status -z -uall [7ms]
2025-11-01 22:21:17.876 [info] > git for-each-ref --sort -committerdate --format %(refname)%00%(objectname)%00%(*objectname) [1ms]
2025-11-01 22:24:58.016 [info] [Git][getRemotes] No remotes found in the git config file
2025-11-01 22:24:58.017 [info] > git config --get commit.template [10ms]
2025-11-01 22:24:58.017 [info] > git for-each-ref --format=%(refname)%00%(upstream:short)%00%(objectname)%00%(upstream:track)%00%(upstream:remotename)%00%(upstream:remoteref) refs/heads/master refs/remotes/master [1ms]
2025-11-01 22:24:58.017 [warning] [Git][getBranch] No such branch: master
2025-11-01 22:24:58.032 [info] > git status -z -uall [8ms]
2025-11-01 22:24:58.033 [info] > git for-each-ref --sort -committerdate --format %(refname)%00%(objectname)%00%(*objectname) [1ms]
2025-11-01 22:26:49.599 [info] [Git][getRemotes] No remotes found in the git config file
2025-11-01 22:26:49.600 [info] > git config --get commit.template [9ms]
2025-11-01 22:26:49.601 [info] > git for-each-ref --format=%(refname)%00%(upstream:short)%00%(objectname)%00%(upstream:track)%00%(upstream:remotename)%00%(upstream:remoteref) refs/heads/master refs/remotes/master [2ms]
2025-11-01 22:26:49.601 [warning] [Git][getBranch] No such branch: master
2025-11-01 22:26:49.615 [info] > git status -z -uall [7ms]
2025-11-01 22:26:49.616 [info] > git for-each-ref --sort -committerdate --format %(refname)%00%(objectname)%00%(*objectname) [2ms]
2025-11-01 22:27:21.320 [info] [Git][getRemotes] No remotes found in the git config file
2025-11-01 22:27:21.330 [info] > git config --get commit.template [10ms]
2025-11-01 22:27:21.331 [info] > git for-each-ref --format=%(refname)%00%(upstream:short)%00%(objectname)%00%(upstream:track)%00%(upstream:remotename)%00%(upstream:remoteref) refs/heads/master refs/remotes/master [2ms]
2025-11-01 22:27:21.331 [warning] [Git][getBranch] No such branch: master
2025-11-01 22:27:21.347 [info] > git status -z -uall [9ms]
2025-11-01 22:27:21.348 [info] > git for-each-ref --sort -committerdate --format %(refname)%00%(objectname)%00%(*objectname) [2ms]
2025-11-01 22:31:40.723 [info] [Git][getRemotes] No remotes found in the git config file
2025-11-01 22:31:40.724 [info] > git config --get commit.template [10ms]
2025-11-01 22:31:40.725 [info] > git for-each-ref --format=%(refname)%00%(upstream:short)%00%(objectname)%00%(upstream:track)%00%(upstream:remotename)%00%(upstream:remoteref) refs/heads/master refs/remotes/master [2ms]
2025-11-01 22:31:40.725 [warning] [Git][getBranch] No such branch: master
2025-11-01 22:31:40.743 [info] > git status -z -uall [10ms]
2025-11-01 22:31:40.744 [info] > git for-each-ref --sort -committerdate --format %(refname)%00%(objectname)%00%(*objectname) [2ms]
2025-11-01 22:32:52.514 [info] [Git][getRemotes] No remotes found in the git config file
2025-11-01 22:32:52.515 [info] > git config --get commit.template [10ms]
2025-11-01 22:32:52.516 [info] > git for-each-ref --format=%(refname)%00%(upstream:short)%00%(objectname)%00%(upstream:track)%00%(upstream:remotename)%00%(upstream:remoteref) refs/heads/master refs/remotes/master [2ms]
2025-11-01 22:32:52.516 [warning] [Git][getBranch] No such branch: master
2025-11-01 22:32:52.535 [info] > git status -z -uall [10ms]
2025-11-01 22:32:52.536 [info] > git for-each-ref --sort -committerdate --format %(refname)%00%(objectname)%00%(*objectname) [2ms]
2025-11-01 22:40:49.907 [info] [Git][getRemotes] No remotes found in the git config file
2025-11-01 22:40:49.908 [info] > git config --get commit.template [9ms]
2025-11-01 22:40:49.909 [info] > git for-each-ref --format=%(refname)%00%(upstream:short)%00%(objectname)%00%(upstream:track)%00%(upstream:remotename)%00%(upstream:remoteref) refs/heads/master refs/remotes/master [2ms]
2025-11-01 22:40:49.909 [warning] [Git][getBranch] No such branch: master
2025-11-01 22:40:49.924 [info] > git status -z -uall [8ms]
2025-11-01 22:40:49.925 [info] > git for-each-ref --sort -committerdate --format %(refname)%00%(objectname)%00%(*objectname) [1ms]
2025-11-01 22:46:37.113 [info] [Git][getRemotes] No remotes found in the git config file
2025-11-01 22:46:37.114 [info] > git config --get commit.template [11ms]
2025-11-01 22:46:37.115 [info] > git for-each-ref --format=%(refname)%00%(upstream:short)%00%(objectname)%00%(upstream:track)%00%(upstream:remotename)%00%(upstream:remoteref) refs/heads/master refs/remotes/master [2ms]
2025-11-01 22:46:37.115 [warning] [Git][getBranch] No such branch: master
2025-11-01 22:46:37.131 [info] > git status -z -uall [9ms]
2025-11-01 22:46:37.132 [info] > git for-each-ref --sort -committerdate --format %(refname)%00%(objectname)%00%(*objectname) [2ms]
2025-11-01 22:47:09.985 [info] [Git][getRemotes] No remotes found in the git config file
2025-11-01 22:47:09.985 [info] > git config --get commit.template [10ms]
2025-11-01 22:47:09.986 [info] > git for-each-ref --format=%(refname)%00%(upstream:short)%00%(objectname)%00%(upstream:track)%00%(upstream:remotename)%00%(upstream:remoteref) refs/heads/master refs/remotes/master [1ms]
2025-11-01 22:47:09.987 [warning] [Git][getBranch] No such branch: master
2025-11-01 22:47:10.003 [info] > git status -z -uall [9ms]
2025-11-01 22:47:10.004 [info] > git for-each-ref --sort -committerdate --format %(refname)%00%(objectname)%00%(*objectname) [2ms]
2025-11-01 22:48:34.322 [info] [Git][getRemotes] No remotes found in the git config file
2025-11-01 22:48:34.323 [info] > git config --get commit.template [10ms]
2025-11-01 22:48:34.323 [info] > git for-each-ref --format=%(refname)%00%(upstream:short)%00%(objectname)%00%(upstream:track)%00%(upstream:remotename)%00%(upstream:remoteref) refs/heads/master refs/remotes/master [1ms]
2025-11-01 22:48:34.323 [warning] [Git][getBranch] No such branch: master
2025-11-01 22:48:34.337 [info] > git status -z -uall [8ms]
2025-11-01 22:48:34.338 [info] > git for-each-ref --sort -committerdate --format %(refname)%00%(objectname)%00%(*objectname) [2ms]
2025-11-01 22:50:53.369 [info] [Git][getRemotes] No remotes found in the git config file
2025-11-01 22:50:53.370 [info] > git config --get commit.template [10ms]
2025-11-01 22:50:53.371 [info] > git for-each-ref --format=%(refname)%00%(upstream:short)%00%(objectname)%00%(upstream:track)%00%(upstream:remotename)%00%(upstream:remoteref) refs/heads/master refs/remotes/master [2ms]
2025-11-01 22:50:53.371 [warning] [Git][getBranch] No such branch: master
2025-11-01 22:50:53.387 [info] > git status -z -uall [8ms]
2025-11-01 22:50:53.388 [info] > git for-each-ref --sort -committerdate --format %(refname)%00%(objectname)%00%(*objectname) [2ms]
2025-11-01 22:50:58.415 [info] [Git][getRemotes] No remotes found in the git config file
2025-11-01 22:50:58.416 [info] > git config --get commit.template [12ms]
2025-11-01 22:50:58.418 [info] > git for-each-ref --format=%(refname)%00%(upstream:short)%00%(objectname)%00%(upstream:track)%00%(upstream:remotename)%00%(upstream:remoteref) refs/heads/master refs/remotes/master [3ms]
2025-11-01 22:50:58.418 [warning] [Git][getBranch] No such branch: master
2025-11-01 22:50:58.438 [info] > git status -z -uall [11ms]
2025-11-01 22:50:58.440 [info] > git for-each-ref --sort -committerdate --format %(refname)%00%(objectname)%00%(*objectname) [3ms]
2025-11-01 22:51:48.968 [info] [Git][getRemotes] No remotes found in the git config file
2025-11-01 22:51:48.969 [info] > git config --get commit.template [8ms]
2025-11-01 22:51:48.970 [info] > git for-each-ref --format=%(refname)%00%(upstream:short)%00%(objectname)%00%(upstream:track)%00%(upstream:remotename)%00%(upstream:remoteref) refs/heads/master refs/remotes/master [2ms]
2025-11-01 22:51:48.970 [warning] [Git][getBranch] No such branch: master
2025-11-01 22:51:48.988 [info] > git status -z -uall [9ms]
2025-11-01 22:51:48.989 [info] > git for-each-ref --sort -committerdate --format %(refname)%00%(objectname)%00%(*objectname) [2ms]
2025-11-01 22:51:54.005 [info] [Git][getRemotes] No remotes found in the git config file
2025-11-01 22:51:54.015 [info] > git config --get commit.template [11ms]
2025-11-01 22:51:54.017 [info] > git for-each-ref --format=%(refname)%00%(upstream:short)%00%(objectname)%00%(upstream:track)%00%(upstream:remotename)%00%(upstream:remoteref) refs/heads/master refs/remotes/master [2ms]
2025-11-01 22:51:54.017 [warning] [Git][getBranch] No such branch: master
2025-11-01 22:51:54.038 [info] > git status -z -uall [10ms]
2025-11-01 22:51:54.039 [info] > git for-each-ref --sort -committerdate --format %(refname)%00%(objectname)%00%(*objectname) [2ms]
2025-11-01 22:52:31.341 [info] [Git][getRemotes] No remotes found in the git config file
2025-11-01 22:52:31.341 [info] > git config --get commit.template [10ms]
2025-11-01 22:52:31.342 [info] > git for-each-ref --format=%(refname)%00%(upstream:short)%00%(objectname)%00%(upstream:track)%00%(upstream:remotename)%00%(upstream:remoteref) refs/heads/master refs/remotes/master [2ms]
2025-11-01 22:52:31.342 [warning] [Git][getBranch] No such branch: master
2025-11-01 22:52:31.359 [info] > git status -z -uall [11ms]
2025-11-01 22:52:31.361 [info] > git for-each-ref --sort -committerdate --format %(refname)%00%(objectname)%00%(*objectname) [3ms]
2025-11-01 22:53:37.497 [info] [Git][getRemotes] No remotes found in the git config file
2025-11-01 22:53:37.497 [info] > git config --get commit.template [9ms]
2025-11-01 22:53:37.499 [info] > git for-each-ref --format=%(refname)%00%(upstream:short)%00%(objectname)%00%(upstream:track)%00%(upstream:remotename)%00%(upstream:remoteref) refs/heads/master refs/remotes/master [2ms]
2025-11-01 22:53:37.499 [warning] [Git][getBranch] No such branch: master
2025-11-01 22:53:37.514 [info] > git status -z -uall [8ms]
2025-11-01 22:53:37.515 [info] > git for-each-ref --sort -committerdate --format %(refname)%00%(objectname)%00%(*objectname) [2ms]
2025-11-01 22:54:36.784 [info] [Git][getRemotes] No remotes found in the git config file
2025-11-01 22:54:36.785 [info] > git config --get commit.template [10ms]
2025-11-01 22:54:36.786 [info] > git for-each-ref --format=%(refname)%00%(upstream:short)%00%(objectname)%00%(upstream:track)%00%(upstream:remotename)%00%(upstream:remoteref) refs/heads/master refs/remotes/master [2ms]
2025-11-01 22:54:36.786 [warning] [Git][getBranch] No such branch: master
2025-11-01 22:54:36.801 [info] > git status -z -uall [7ms]
2025-11-01 22:54:36.802 [info] > git for-each-ref --sort -committerdate --format %(refname)%00%(objectname)%00%(*objectname) [2ms]
2025-11-01 22:54:41.827 [info] [Git][getRemotes] No remotes found in the git config file
2025-11-01 22:54:41.828 [info] > git config --get commit.template [12ms]
2025-11-01 22:54:41.830 [info] > git for-each-ref --format=%(refname)%00%(upstream:short)%00%(objectname)%00%(upstream:track)%00%(upstream:remotename)%00%(upstream:remoteref) refs/heads/master refs/remotes/master [3ms]
2025-11-01 22:54:41.830 [warning] [Git][getBranch] No such branch: master
2025-11-01 22:54:41.849 [info] > git status -z -uall [10ms]
2025-11-01 22:54:41.851 [info] > git for-each-ref --sort -committerdate --format %(refname)%00%(objectname)%00%(*objectname) [2ms]
2025-11-01 22:55:22.254 [info] [Git][getRemotes] No remotes found in the git config file
2025-11-01 22:55:22.255 [info] > git config --get commit.template [10ms]
2025-11-01 22:55:22.257 [info] > git for-each-ref --format=%(refname)%00%(upstream:short)%00%(objectname)%00%(upstream:track)%00%(upstream:remotename)%00%(upstream:remoteref) refs/heads/master refs/remotes/master [3ms]
2025-11-01 22:55:22.257 [warning] [Git][getBranch] No such branch: master
2025-11-01 22:55:22.275 [info] > git status -z -uall [9ms]
2025-11-01 22:55:22.276 [info] > git for-each-ref --sort -committerdate --format %(refname)%00%(objectname)%00%(*objectname) [1ms]
2025-11-01 22:56:03.872 [info] [Git][getRemotes] No remotes found in the git config file
2025-11-01 22:56:03.872 [info] > git config --get commit.template [9ms]
2025-11-01 22:56:03.873 [info] > git for-each-ref --format=%(refname)%00%(upstream:short)%00%(objectname)%00%(upstream:track)%00%(upstream:remotename)%00%(upstream:remoteref) refs/heads/master refs/remotes/master [2ms]
2025-11-01 22:56:03.873 [warning] [Git][getBranch] No such branch: master
2025-11-01 22:56:03.889 [info] > git status -z -uall [9ms]
2025-11-01 22:56:03.890 [info] > git for-each-ref --sort -committerdate --format %(refname)%00%(objectname)%00%(*objectname) [2ms]
2025-11-01 23:28:49.302 [info] [Git][getRemotes] No remotes found in the git config file
2025-11-01 23:28:49.303 [info] > git config --get commit.template [10ms]
2025-11-01 23:28:49.304 [info] > git for-each-ref --format=%(refname)%00%(upstream:short)%00%(objectname)%00%(upstream:track)%00%(upstream:remotename)%00%(upstream:remoteref) refs/heads/master refs/remotes/master [2ms]
2025-11-01 23:28:49.304 [warning] [Git][getBranch] No such branch: master
2025-11-01 23:28:49.320 [info] > git status -z -uall [8ms]
2025-11-01 23:28:49.321 [info] > git for-each-ref --sort -committerdate --format %(refname)%00%(objectname)%00%(*objectname) [1ms]
2025-11-01 23:28:54.346 [info] [Git][getRemotes] No remotes found in the git config file
2025-11-01 23:28:54.347 [info] > git config --get commit.template [12ms]
2025-11-01 23:28:54.348 [info] > git for-each-ref --format=%(refname)%00%(upstream:short)%00%(objectname)%00%(upstream:track)%00%(upstream:remotename)%00%(upstream:remoteref) refs/heads/master refs/remotes/master [2ms]
2025-11-01 23:28:54.348 [warning] [Git][getBranch] No such branch: master
2025-11-01 23:28:54.369 [info] > git status -z -uall [11ms]
2025-11-01 23:28:54.371 [info] > git for-each-ref --sort -committerdate --format %(refname)%00%(objectname)%00%(*objectname) [2ms]
2025-11-01 23:40:42.344 [info] [Git][getRemotes] No remotes found in the git config file
2025-11-01 23:40:42.345 [info] > git config --get commit.template [10ms]
2025-11-01 23:40:42.346 [info] > git for-each-ref --format=%(refname)%00%(upstream:short)%00%(objectname)%00%(upstream:track)%00%(upstream:remotename)%00%(upstream:remoteref) refs/heads/master refs/remotes/master [3ms]
2025-11-01 23:40:42.346 [warning] [Git][getBranch] No such branch: master
2025-11-01 23:40:42.360 [info] > git status -z -uall [8ms]
2025-11-01 23:40:42.360 [info] > git for-each-ref --sort -committerdate --format %(refname)%00%(objectname)%00%(*objectname) [2ms]
2025-11-01 23:41:56.016 [info] [Git][getRemotes] No remotes found in the git config file
2025-11-01 23:41:56.017 [info] > git config --get commit.template [13ms]
2025-11-01 23:41:56.018 [info] > git for-each-ref --format=%(refname)%00%(upstream:short)%00%(objectname)%00%(upstream:track)%00%(upstream:remotename)%00%(upstream:remoteref) refs/heads/master refs/remotes/master [2ms]
2025-11-01 23:41:56.018 [warning] [Git][getBranch] No such branch: master
2025-11-01 23:41:56.038 [info] > git status -z -uall [10ms]
2025-11-01 23:41:56.040 [info] > git for-each-ref --sort -committerdate --format %(refname)%00%(objectname)%00%(*objectname) [3ms]
2025-11-01 23:42:12.082 [info] [Git][getRemotes] No remotes found in the git config file
2025-11-01 23:42:12.096 [info] > git for-each-ref --format=%(refname)%00%(upstream:short)%00%(objectname)%00%(upstream:track)%00%(upstream:remotename)%00%(upstream:remoteref) refs/heads/master refs/remotes/master [14ms]
2025-11-01 23:42:12.096 [warning] [Git][getBranch] No such branch: master
2025-11-01 23:42:12.096 [info] > git config --get commit.template [25ms]
2025-11-01 23:42:12.116 [info] > git status -z -uall [12ms]
2025-11-01 23:42:12.119 [info] > git for-each-ref --sort -committerdate --format %(refname)%00%(objectname)%00%(*objectname) [3ms]
2025-11-01 23:42:46.388 [info] [Git][getRemotes] No remotes found in the git config file
2025-11-01 23:42:46.389 [info] > git config --get commit.template [12ms]
2025-11-01 23:42:46.390 [info] > git for-each-ref --format=%(refname)%00%(upstream:short)%00%(objectname)%00%(upstream:track)%00%(upstream:remotename)%00%(upstream:remoteref) refs/heads/master refs/remotes/master [3ms]
2025-11-01 23:42:46.390 [warning] [Git][getBranch] No such branch: master
2025-11-01 23:42:46.410 [info] > git status -z -uall [11ms]
2025-11-01 23:42:46.412 [info] > git for-each-ref --sort -committerdate --format %(refname)%00%(objectname)%00%(*objectname) [2ms]
2025-11-01 23:53:06.943 [info] [Git][getRemotes] No remotes found in the git config file
2025-11-01 23:53:06.944 [info] > git config --get commit.template [10ms]
2025-11-01 23:53:06.944 [info] > git for-each-ref --format=%(refname)%00%(upstream:short)%00%(objectname)%00%(upstream:track)%00%(upstream:remotename)%00%(upstream:remoteref) refs/heads/master refs/remotes/master [1ms]
2025-11-01 23:53:06.945 [warning] [Git][getBranch] No such branch: master
2025-11-01 23:53:06.959 [info] > git status -z -uall [6ms]
2025-11-01 23:53:06.960 [info] > git for-each-ref --sort -committerdate --format %(refname)%00%(objectname)%00%(*objectname) [2ms]
2025-11-01 23:53:11.976 [info] [Git][getRemotes] No remotes found in the git config file
2025-11-01 23:53:11.986 [info] > git config --get commit.template [11ms]
2025-11-01 23:53:11.988 [info] > git for-each-ref --format=%(refname)%00%(upstream:short)%00%(objectname)%00%(upstream:track)%00%(upstream:remotename)%00%(upstream:remoteref) refs/heads/master refs/remotes/master [2ms]
2025-11-01 23:53:11.989 [warning] [Git][getBranch] No such branch: master
2025-11-01 23:53:12.006 [info] > git status -z -uall [9ms]
2025-11-01 23:53:12.009 [info] > git for-each-ref --sort -committerdate --format %(refname)%00%(objectname)%00%(*objectname) [3ms]
2025-11-01 23:54:53.771 [info] [Git][getRemotes] No remotes found in the git config file
2025-11-01 23:54:53.771 [info] > git config --get commit.template [9ms]
2025-11-01 23:54:53.772 [info] > git for-each-ref --format=%(refname)%00%(upstream:short)%00%(objectname)%00%(upstream:track)%00%(upstream:remotename)%00%(upstream:remoteref) refs/heads/master refs/remotes/master [2ms]
2025-11-01 23:54:53.772 [warning] [Git][getBranch] No such branch: master
2025-11-01 23:54:53.791 [info] > git status -z -uall [9ms]
2025-11-01 23:54:53.793 [info] > git for-each-ref --sort -committerdate --format %(refname)%00%(objectname)%00%(*objectname) [3ms]
2025-11-02 00:06:25.488 [info] [Git][getRemotes] No remotes found in the git config file
2025-11-02 00:06:25.489 [info] > git config --get commit.template [7ms]
2025-11-02 00:06:25.490 [info] > git for-each-ref --format=%(refname)%00%(upstream:short)%00%(objectname)%00%(upstream:track)%00%(upstream:remotename)%00%(upstream:remoteref) refs/heads/master refs/remotes/master [2ms]
2025-11-02 00:06:25.490 [warning] [Git][getBranch] No such branch: master
2025-11-02 00:06:25.505 [info] > git status -z -uall [8ms]
2025-11-02 00:06:25.506 [info] > git for-each-ref --sort -committerdate --format %(refname)%00%(objectname)%00%(*objectname) [2ms]
