2025-11-01 21:51:12.944 [info] Getting Manifest... ms-python.debugpy
2025-11-01 21:51:13.084 [info] Installing extension: ms-python.debugpy {"isMachineScoped":false,"installPreReleaseVersion":false,"pinned":false,"profileLocation":{"$mid":1,"external":"vscode-userdata:/home/mehdiyc/.vscode/extensions/extensions.json","path":"/home/mehdiyc/.vscode/extensions/extensions.json","scheme":"vscode-userdata"},"isApplicationScoped":false,"productVersion":{"version":"1.105.1","date":"2025-10-14T22:33:36.618Z"}}
2025-11-01 21:51:13.806 [info] Getting Manifest... ms-python.python
2025-11-01 21:51:13.987 [info] Getting Manifest... ms-python.vscode-pylance
2025-11-01 21:51:14.014 [info] Getting Manifest... ms-python.vscode-python-envs
2025-11-01 21:51:14.026 [info] Getting Manifest... ms-python.vscode-python-envs
2025-11-01 21:51:14.059 [info] Installing extension: ms-python.vscode-python-envs {"isMachineScoped":false,"installPreReleaseVersion":false,"pinned":false,"profileLocation":{"$mid":1,"external":"vscode-userdata:/home/mehdiyc/.vscode/extensions/extensions.json","path":"/home/mehdiyc/.vscode/extensions/extensions.json","scheme":"vscode-userdata"},"isApplicationScoped":false,"productVersion":{"version":"1.105.1","date":"2025-10-14T22:33:36.618Z"}}
2025-11-01 21:51:14.094 [info] Installing extension: ms-python.python {"isMachineScoped":false,"installPreReleaseVersion":false,"pinned":false,"profileLocation":{"$mid":1,"external":"vscode-userdata:/home/mehdiyc/.vscode/extensions/extensions.json","path":"/home/mehdiyc/.vscode/extensions/extensions.json","scheme":"vscode-userdata"},"isApplicationScoped":false,"productVersion":{"version":"1.105.1","date":"2025-10-14T22:33:36.618Z"},"installGivenVersion":false,"context":{"dependecyOrPackExtensionInstall":true}}
2025-11-01 21:51:14.094 [info] Installing extension: ms-python.vscode-pylance {"isMachineScoped":false,"installPreReleaseVersion":false,"pinned":false,"profileLocation":{"$mid":1,"external":"vscode-userdata:/home/mehdiyc/.vscode/extensions/extensions.json","path":"/home/mehdiyc/.vscode/extensions/extensions.json","scheme":"vscode-userdata"},"isApplicationScoped":false,"productVersion":{"version":"1.105.1","date":"2025-10-14T22:33:36.618Z"},"installGivenVersion":false,"context":{"dependecyOrPackExtensionInstall":true}}
2025-11-01 21:51:14.094 [info] Waiting for already requested installing extension ms-python.vscode-python-envs ms-python.debugpy vscode-userdata:/home/mehdiyc/.vscode/extensions/extensions.json
2025-11-01 21:51:16.741 [info] Extension signature verification result for ms-python.vscode-python-envs: Success. Internal Code: 0. Executed: true. Duration: 1833ms.
2025-11-01 21:51:16.848 [info] Extension signature verification result for ms-python.python: Success. Internal Code: 0. Executed: true. Duration: 1394ms.
2025-11-01 21:51:17.044 [info] Extracted extension to file:///home/mehdiyc/.vscode/extensions/ms-python.vscode-python-envs-1.10.0-linux-x64: ms-python.vscode-python-envs
2025-11-01 21:51:17.054 [info] Renamed to /home/mehdiyc/.vscode/extensions/ms-python.vscode-python-envs-1.10.0-linux-x64
2025-11-01 21:51:17.071 [info] Extension installed successfully: ms-python.vscode-python-envs vscode-userdata:/home/mehdiyc/.vscode/extensions/extensions.json
2025-11-01 21:51:17.071 [info] Finished waiting for already requested installing extension ms-python.vscode-python-envs ms-python.debugpy vscode-userdata:/home/mehdiyc/.vscode/extensions/extensions.json
2025-11-01 21:51:17.387 [info] Extension signature verification result for ms-python.debugpy: Success. Internal Code: 0. Executed: true. Duration: 2457ms.
2025-11-01 21:51:17.485 [info] Extension signature verification result for ms-python.vscode-pylance: Success. Internal Code: 0. Executed: true. Duration: 1197ms.
2025-11-01 21:51:18.034 [info] Extracted extension to file:///home/mehdiyc/.vscode/extensions/ms-python.debugpy-2025.14.1-linux-x64: ms-python.debugpy
2025-11-01 21:51:18.054 [info] Renamed to /home/mehdiyc/.vscode/extensions/ms-python.debugpy-2025.14.1-linux-x64
2025-11-01 21:51:18.935 [info] Extracted extension to file:///home/mehdiyc/.vscode/extensions/ms-python.python-2025.16.0-linux-x64: ms-python.python
2025-11-01 21:51:19.023 [info] Renamed to /home/mehdiyc/.vscode/extensions/ms-python.python-2025.16.0-linux-x64
2025-11-01 21:51:22.631 [info] Extracted extension to file:///home/mehdiyc/.vscode/extensions/ms-python.vscode-pylance-2025.9.1: ms-python.vscode-pylance
2025-11-01 21:51:22.962 [info] Renamed to /home/mehdiyc/.vscode/extensions/ms-python.vscode-pylance-2025.9.1
2025-11-01 21:51:22.986 [info] Extension installed successfully: ms-python.debugpy vscode-userdata:/home/mehdiyc/.vscode/extensions/extensions.json
2025-11-01 21:51:22.986 [info] Extension installed successfully: ms-python.python vscode-userdata:/home/mehdiyc/.vscode/extensions/extensions.json
2025-11-01 21:51:22.986 [info] Extension installed successfully: ms-python.vscode-pylance vscode-userdata:/home/mehdiyc/.vscode/extensions/extensions.json
2025-11-01 21:51:39.721 [info] Getting Manifest... redhat.vscode-yaml
2025-11-01 21:51:39.859 [info] Installing extension: redhat.vscode-yaml {"isMachineScoped":false,"installPreReleaseVersion":false,"pinned":false,"profileLocation":{"$mid":1,"external":"vscode-userdata:/home/mehdiyc/.vscode/extensions/extensions.json","path":"/home/mehdiyc/.vscode/extensions/extensions.json","scheme":"vscode-userdata"},"isApplicationScoped":false,"productVersion":{"version":"1.105.1","date":"2025-10-14T22:33:36.618Z"}}
2025-11-01 21:51:42.487 [info] Extension signature verification result for redhat.vscode-yaml: Success. Internal Code: 0. Executed: true. Duration: 1966ms.
2025-11-01 21:51:42.532 [info] Extracted extension to file:///home/mehdiyc/.vscode/extensions/redhat.vscode-yaml-1.19.1: redhat.vscode-yaml
2025-11-01 21:51:42.562 [info] Renamed to /home/mehdiyc/.vscode/extensions/redhat.vscode-yaml-1.19.1
2025-11-01 21:51:42.580 [info] Extension installed successfully: redhat.vscode-yaml vscode-userdata:/home/mehdiyc/.vscode/extensions/extensions.json
2025-11-01 21:52:02.487 [info] Getting Manifest... tamasfe.even-better-toml
2025-11-01 21:52:02.618 [info] Installing extension: tamasfe.even-better-toml {"isMachineScoped":false,"installPreReleaseVersion":false,"pinned":false,"profileLocation":{"$mid":1,"external":"vscode-userdata:/home/mehdiyc/.vscode/extensions/extensions.json","path":"/home/mehdiyc/.vscode/extensions/extensions.json","scheme":"vscode-userdata"},"isApplicationScoped":false,"productVersion":{"version":"1.105.1","date":"2025-10-14T22:33:36.618Z"}}
2025-11-01 21:52:05.223 [info] Extension signature verification result for tamasfe.even-better-toml: Success. Internal Code: 0. Executed: true. Duration: 1364ms.
2025-11-01 21:52:05.837 [info] Extracted extension to file:///home/mehdiyc/.vscode/extensions/tamasfe.even-better-toml-0.21.2: tamasfe.even-better-toml
2025-11-01 21:52:05.845 [info] Renamed to /home/mehdiyc/.vscode/extensions/tamasfe.even-better-toml-0.21.2
2025-11-01 21:52:05.864 [info] Extension installed successfully: tamasfe.even-better-toml vscode-userdata:/home/mehdiyc/.vscode/extensions/extensions.json
2025-11-01 22:20:47.867 [info] Getting Manifest... kevinrose.vsc-python-indent
2025-11-01 22:20:48.006 [info] Installing extension: kevinrose.vsc-python-indent {"isMachineScoped":false,"installPreReleaseVersion":false,"pinned":false,"profileLocation":{"$mid":1,"external":"vscode-userdata:/home/mehdiyc/.vscode/extensions/extensions.json","path":"/home/mehdiyc/.vscode/extensions/extensions.json","scheme":"vscode-userdata"},"isApplicationScoped":false,"productVersion":{"version":"1.105.1","date":"2025-10-14T22:33:36.618Z"}}
2025-11-01 22:20:50.113 [info] Extension signature verification result for kevinrose.vsc-python-indent: Success. Internal Code: 0. Executed: true. Duration: 1364ms.
2025-11-01 22:20:50.153 [info] Extracted extension to file:///home/mehdiyc/.vscode/extensions/kevinrose.vsc-python-indent-1.21.0: kevinrose.vsc-python-indent
2025-11-01 22:20:50.182 [info] Renamed to /home/mehdiyc/.vscode/extensions/kevinrose.vsc-python-indent-1.21.0
2025-11-01 22:20:50.199 [info] Extension installed successfully: kevinrose.vsc-python-indent vscode-userdata:/home/mehdiyc/.vscode/extensions/extensions.json
